Sun, 03 Apr 2022 18:05:01 glisterdataloader.py[line:49] DEBUG Glister dataloader initialized. 
Sun, 03 Apr 2022 18:05:01 adaptivedataloader.py[line:68] DEBUG Epoch: 1, reading dataloader... 
Sun, 03 Apr 2022 18:05:01 adaptivedataloader.py[line:72] DEBUG Epoch: 1, finished reading dataloader. 
Sun, 03 Apr 2022 18:07:32 adaptivedataloader.py[line:68] DEBUG Epoch: 2, reading dataloader... 
Sun, 03 Apr 2022 18:07:32 adaptivedataloader.py[line:72] DEBUG Epoch: 2, finished reading dataloader. 
Sun, 03 Apr 2022 18:10:05 adaptivedataloader.py[line:68] DEBUG Epoch: 3, reading dataloader... 
Sun, 03 Apr 2022 18:10:05 adaptivedataloader.py[line:72] DEBUG Epoch: 3, finished reading dataloader. 
Sun, 03 Apr 2022 18:12:43 adaptivedataloader.py[line:68] DEBUG Epoch: 4, reading dataloader... 
Sun, 03 Apr 2022 18:12:53 glisterdataloader.py[line:56] DEBUG Epoch: 4, requires subset selection. 
Sun, 03 Apr 2022 18:33:10 glisterstrategy.py[line:332] DEBUG Stochastic Greedy GLISTER total time: 160.3753
Sun, 03 Apr 2022 18:33:10 glisterstrategy.py[line:421] DEBUG GLISTER algorithm Subset Selection time is: 1216.4222
Sun, 03 Apr 2022 18:33:10 glisterdataloader.py[line:62] INFO Epoch: 4, GLISTER dataloader subset selection finished, takes 1217.0538. 
Sun, 03 Apr 2022 18:33:10 adaptivedataloader.py[line:102] DEBUG Subset indices length: 25600
Sun, 03 Apr 2022 18:33:10 adaptivedataloader.py[line:104] DEBUG Subset loader initiated, args: (), kwargs: {'batch_size': 16, 'shuffle': True, 'pin_memory': False, 'collate_fn': <function collate_fn_weighted at 0x7feb24fbb280>}
Sun, 03 Apr 2022 18:33:10 adaptivedataloader.py[line:105] DEBUG Subset selection finished, Training data size: 254692, Subset size: 25600
Sun, 03 Apr 2022 18:33:10 adaptivedataloader.py[line:72] DEBUG Epoch: 4, finished reading dataloader. 
Sun, 03 Apr 2022 18:35:33 adaptivedataloader.py[line:68] DEBUG Epoch: 5, reading dataloader... 
Sun, 03 Apr 2022 18:35:35 adaptivedataloader.py[line:72] DEBUG Epoch: 5, finished reading dataloader. 
Sun, 03 Apr 2022 18:37:53 adaptivedataloader.py[line:68] DEBUG Epoch: 6, reading dataloader... 
Sun, 03 Apr 2022 18:37:53 adaptivedataloader.py[line:72] DEBUG Epoch: 6, finished reading dataloader. 
Sun, 03 Apr 2022 18:40:14 adaptivedataloader.py[line:68] DEBUG Epoch: 7, reading dataloader... 
Sun, 03 Apr 2022 18:40:14 glisterdataloader.py[line:56] DEBUG Epoch: 7, requires subset selection. 
