Sat, 02 Apr 2022 17:45:38 randomdataloader.py[line:26] DEBUG Random dataloader initialized.
Sat, 02 Apr 2022 17:45:38 adaptivedataloader.py[line:68] DEBUG Epoch: 1, reading dataloader... 
Sat, 02 Apr 2022 17:45:38 adaptivedataloader.py[line:72] DEBUG Epoch: 1, finished reading dataloader. 
Sat, 02 Apr 2022 17:45:38 adaptivedataloader.py[line:68] DEBUG Epoch: 2, reading dataloader... 
Sat, 02 Apr 2022 17:45:38 adaptivedataloader.py[line:72] DEBUG Epoch: 2, finished reading dataloader. 
Sat, 02 Apr 2022 17:45:38 adaptivedataloader.py[line:68] DEBUG Epoch: 3, reading dataloader... 
Sat, 02 Apr 2022 17:45:38 adaptivedataloader.py[line:72] DEBUG Epoch: 3, finished reading dataloader. 
Sat, 02 Apr 2022 17:45:39 adaptivedataloader.py[line:68] DEBUG Epoch: 4, reading dataloader... 
Sat, 02 Apr 2022 17:45:39 randomdataloader.py[line:33] DEBUG Epoch: 4, requires subset selection. 
Sat, 02 Apr 2022 17:45:39 randomdataloader.py[line:34] DEBUG Random budget: 50
Sat, 02 Apr 2022 17:45:39 randomdataloader.py[line:37] INFO Epoch: 4, Random subset selection finished, takes 0.0014. 
Sat, 02 Apr 2022 17:45:39 adaptivedataloader.py[line:102] DEBUG Subset indices length: 50
Sat, 02 Apr 2022 17:45:39 adaptivedataloader.py[line:104] DEBUG Subset loader initiated, args: (), kwargs: {'batch_size': 16, 'shuffle': True, 'pin_memory': False, 'collate_fn': <function collate_fn_weighted at 0x7f276bd05280>}
Sat, 02 Apr 2022 17:45:39 adaptivedataloader.py[line:105] DEBUG Subset selection finished, Training data size: 508, Subset size: 50
Sat, 02 Apr 2022 17:45:39 adaptivedataloader.py[line:72] DEBUG Epoch: 4, finished reading dataloader. 
Sat, 02 Apr 2022 17:45:39 adaptivedataloader.py[line:68] DEBUG Epoch: 5, reading dataloader... 
Sat, 02 Apr 2022 17:45:39 adaptivedataloader.py[line:72] DEBUG Epoch: 5, finished reading dataloader. 
Sat, 02 Apr 2022 17:45:39 adaptivedataloader.py[line:68] DEBUG Epoch: 6, reading dataloader... 
Sat, 02 Apr 2022 17:45:39 adaptivedataloader.py[line:72] DEBUG Epoch: 6, finished reading dataloader. 
Sat, 02 Apr 2022 17:45:40 adaptivedataloader.py[line:68] DEBUG Epoch: 7, reading dataloader... 
Sat, 02 Apr 2022 17:45:40 randomdataloader.py[line:33] DEBUG Epoch: 7, requires subset selection. 
Sat, 02 Apr 2022 17:45:40 randomdataloader.py[line:34] DEBUG Random budget: 50
Sat, 02 Apr 2022 17:45:40 randomdataloader.py[line:37] INFO Epoch: 7, Random subset selection finished, takes 0.0010. 
Sat, 02 Apr 2022 17:45:40 adaptivedataloader.py[line:102] DEBUG Subset indices length: 50
Sat, 02 Apr 2022 17:45:40 adaptivedataloader.py[line:104] DEBUG Subset loader initiated, args: (), kwargs: {'batch_size': 16, 'shuffle': True, 'pin_memory': False, 'collate_fn': <function collate_fn_weighted at 0x7f276bd05280>}
Sat, 02 Apr 2022 17:45:40 adaptivedataloader.py[line:105] DEBUG Subset selection finished, Training data size: 508, Subset size: 50
Sat, 02 Apr 2022 17:45:40 adaptivedataloader.py[line:72] DEBUG Epoch: 7, finished reading dataloader. 
Sat, 02 Apr 2022 17:45:40 adaptivedataloader.py[line:68] DEBUG Epoch: 8, reading dataloader... 
Sat, 02 Apr 2022 17:45:40 adaptivedataloader.py[line:72] DEBUG Epoch: 8, finished reading dataloader. 
Sat, 02 Apr 2022 17:45:40 adaptivedataloader.py[line:68] DEBUG Epoch: 9, reading dataloader... 
Sat, 02 Apr 2022 17:45:40 adaptivedataloader.py[line:72] DEBUG Epoch: 9, finished reading dataloader. 
Sat, 02 Apr 2022 17:45:41 adaptivedataloader.py[line:68] DEBUG Epoch: 10, reading dataloader... 
Sat, 02 Apr 2022 17:45:41 randomdataloader.py[line:33] DEBUG Epoch: 10, requires subset selection. 
Sat, 02 Apr 2022 17:45:41 randomdataloader.py[line:34] DEBUG Random budget: 50
Sat, 02 Apr 2022 17:45:41 randomdataloader.py[line:37] INFO Epoch: 10, Random subset selection finished, takes 0.0007. 
Sat, 02 Apr 2022 17:45:41 adaptivedataloader.py[line:102] DEBUG Subset indices length: 50
Sat, 02 Apr 2022 17:45:41 adaptivedataloader.py[line:104] DEBUG Subset loader initiated, args: (), kwargs: {'batch_size': 16, 'shuffle': True, 'pin_memory': False, 'collate_fn': <function collate_fn_weighted at 0x7f276bd05280>}
Sat, 02 Apr 2022 17:45:41 adaptivedataloader.py[line:105] DEBUG Subset selection finished, Training data size: 508, Subset size: 50
Sat, 02 Apr 2022 17:45:41 adaptivedataloader.py[line:72] DEBUG Epoch: 10, finished reading dataloader. 
Sat, 02 Apr 2022 17:45:41 adaptivedataloader.py[line:68] DEBUG Epoch: 11, reading dataloader... 
Sat, 02 Apr 2022 17:45:41 adaptivedataloader.py[line:72] DEBUG Epoch: 11, finished reading dataloader. 
Sat, 02 Apr 2022 17:45:41 adaptivedataloader.py[line:68] DEBUG Epoch: 12, reading dataloader... 
Sat, 02 Apr 2022 17:45:41 adaptivedataloader.py[line:72] DEBUG Epoch: 12, finished reading dataloader. 
Sat, 02 Apr 2022 17:45:42 adaptivedataloader.py[line:68] DEBUG Epoch: 13, reading dataloader... 
Sat, 02 Apr 2022 17:45:42 randomdataloader.py[line:33] DEBUG Epoch: 13, requires subset selection. 
Sat, 02 Apr 2022 17:45:42 randomdataloader.py[line:34] DEBUG Random budget: 50
Sat, 02 Apr 2022 17:45:42 randomdataloader.py[line:37] INFO Epoch: 13, Random subset selection finished, takes 0.0005. 
Sat, 02 Apr 2022 17:45:42 adaptivedataloader.py[line:102] DEBUG Subset indices length: 50
Sat, 02 Apr 2022 17:45:42 adaptivedataloader.py[line:104] DEBUG Subset loader initiated, args: (), kwargs: {'batch_size': 16, 'shuffle': True, 'pin_memory': False, 'collate_fn': <function collate_fn_weighted at 0x7f276bd05280>}
Sat, 02 Apr 2022 17:45:42 adaptivedataloader.py[line:105] DEBUG Subset selection finished, Training data size: 508, Subset size: 50
Sat, 02 Apr 2022 17:45:42 adaptivedataloader.py[line:72] DEBUG Epoch: 13, finished reading dataloader. 
Sat, 02 Apr 2022 17:45:42 adaptivedataloader.py[line:68] DEBUG Epoch: 14, reading dataloader... 
Sat, 02 Apr 2022 17:45:42 adaptivedataloader.py[line:72] DEBUG Epoch: 14, finished reading dataloader. 
Sat, 02 Apr 2022 17:45:42 adaptivedataloader.py[line:68] DEBUG Epoch: 15, reading dataloader... 
Sat, 02 Apr 2022 17:45:42 adaptivedataloader.py[line:72] DEBUG Epoch: 15, finished reading dataloader. 
Sat, 02 Apr 2022 17:45:43 adaptivedataloader.py[line:68] DEBUG Epoch: 16, reading dataloader... 
Sat, 02 Apr 2022 17:45:43 randomdataloader.py[line:33] DEBUG Epoch: 16, requires subset selection. 
Sat, 02 Apr 2022 17:45:43 randomdataloader.py[line:34] DEBUG Random budget: 50
Sat, 02 Apr 2022 17:45:43 randomdataloader.py[line:37] INFO Epoch: 16, Random subset selection finished, takes 0.0012. 
Sat, 02 Apr 2022 17:45:43 adaptivedataloader.py[line:102] DEBUG Subset indices length: 50
Sat, 02 Apr 2022 17:45:43 adaptivedataloader.py[line:104] DEBUG Subset loader initiated, args: (), kwargs: {'batch_size': 16, 'shuffle': True, 'pin_memory': False, 'collate_fn': <function collate_fn_weighted at 0x7f276bd05280>}
Sat, 02 Apr 2022 17:45:43 adaptivedataloader.py[line:105] DEBUG Subset selection finished, Training data size: 508, Subset size: 50
Sat, 02 Apr 2022 17:45:43 adaptivedataloader.py[line:72] DEBUG Epoch: 16, finished reading dataloader. 
Sat, 02 Apr 2022 17:45:43 adaptivedataloader.py[line:68] DEBUG Epoch: 17, reading dataloader... 
Sat, 02 Apr 2022 17:45:43 adaptivedataloader.py[line:72] DEBUG Epoch: 17, finished reading dataloader. 
Sat, 02 Apr 2022 17:45:44 adaptivedataloader.py[line:68] DEBUG Epoch: 18, reading dataloader... 
Sat, 02 Apr 2022 17:45:44 adaptivedataloader.py[line:72] DEBUG Epoch: 18, finished reading dataloader. 
Sat, 02 Apr 2022 17:45:44 adaptivedataloader.py[line:68] DEBUG Epoch: 19, reading dataloader... 
Sat, 02 Apr 2022 17:45:44 randomdataloader.py[line:33] DEBUG Epoch: 19, requires subset selection. 
Sat, 02 Apr 2022 17:45:44 randomdataloader.py[line:34] DEBUG Random budget: 50
Sat, 02 Apr 2022 17:45:44 randomdataloader.py[line:37] INFO Epoch: 19, Random subset selection finished, takes 0.0021. 
Sat, 02 Apr 2022 17:45:44 adaptivedataloader.py[line:102] DEBUG Subset indices length: 50
Sat, 02 Apr 2022 17:45:44 adaptivedataloader.py[line:104] DEBUG Subset loader initiated, args: (), kwargs: {'batch_size': 16, 'shuffle': True, 'pin_memory': False, 'collate_fn': <function collate_fn_weighted at 0x7f276bd05280>}
Sat, 02 Apr 2022 17:45:44 adaptivedataloader.py[line:105] DEBUG Subset selection finished, Training data size: 508, Subset size: 50
Sat, 02 Apr 2022 17:45:44 adaptivedataloader.py[line:72] DEBUG Epoch: 19, finished reading dataloader. 
Sat, 02 Apr 2022 17:45:45 adaptivedataloader.py[line:68] DEBUG Epoch: 20, reading dataloader... 
Sat, 02 Apr 2022 17:45:45 adaptivedataloader.py[line:72] DEBUG Epoch: 20, finished reading dataloader. 
Sat, 02 Apr 2022 17:45:45 adaptivedataloader.py[line:68] DEBUG Epoch: 21, reading dataloader... 
Sat, 02 Apr 2022 17:45:45 adaptivedataloader.py[line:72] DEBUG Epoch: 21, finished reading dataloader. 
Sat, 02 Apr 2022 17:45:45 adaptivedataloader.py[line:68] DEBUG Epoch: 22, reading dataloader... 
Sat, 02 Apr 2022 17:45:45 randomdataloader.py[line:33] DEBUG Epoch: 22, requires subset selection. 
Sat, 02 Apr 2022 17:45:45 randomdataloader.py[line:34] DEBUG Random budget: 50
Sat, 02 Apr 2022 17:45:45 randomdataloader.py[line:37] INFO Epoch: 22, Random subset selection finished, takes 0.0001. 
Sat, 02 Apr 2022 17:45:45 adaptivedataloader.py[line:102] DEBUG Subset indices length: 50
Sat, 02 Apr 2022 17:45:45 adaptivedataloader.py[line:104] DEBUG Subset loader initiated, args: (), kwargs: {'batch_size': 16, 'shuffle': True, 'pin_memory': False, 'collate_fn': <function collate_fn_weighted at 0x7f276bd05280>}
Sat, 02 Apr 2022 17:45:45 adaptivedataloader.py[line:105] DEBUG Subset selection finished, Training data size: 508, Subset size: 50
Sat, 02 Apr 2022 17:45:45 adaptivedataloader.py[line:72] DEBUG Epoch: 22, finished reading dataloader. 
Sat, 02 Apr 2022 17:45:46 adaptivedataloader.py[line:68] DEBUG Epoch: 23, reading dataloader... 
Sat, 02 Apr 2022 17:45:46 adaptivedataloader.py[line:72] DEBUG Epoch: 23, finished reading dataloader. 
Sat, 02 Apr 2022 17:45:46 adaptivedataloader.py[line:68] DEBUG Epoch: 24, reading dataloader... 
Sat, 02 Apr 2022 17:45:46 adaptivedataloader.py[line:72] DEBUG Epoch: 24, finished reading dataloader. 
Sat, 02 Apr 2022 17:45:46 adaptivedataloader.py[line:68] DEBUG Epoch: 25, reading dataloader... 
Sat, 02 Apr 2022 17:45:46 randomdataloader.py[line:33] DEBUG Epoch: 25, requires subset selection. 
Sat, 02 Apr 2022 17:45:46 randomdataloader.py[line:34] DEBUG Random budget: 50
Sat, 02 Apr 2022 17:45:46 randomdataloader.py[line:37] INFO Epoch: 25, Random subset selection finished, takes 0.0008. 
Sat, 02 Apr 2022 17:45:46 adaptivedataloader.py[line:102] DEBUG Subset indices length: 50
Sat, 02 Apr 2022 17:45:46 adaptivedataloader.py[line:104] DEBUG Subset loader initiated, args: (), kwargs: {'batch_size': 16, 'shuffle': True, 'pin_memory': False, 'collate_fn': <function collate_fn_weighted at 0x7f276bd05280>}
Sat, 02 Apr 2022 17:45:46 adaptivedataloader.py[line:105] DEBUG Subset selection finished, Training data size: 508, Subset size: 50
Sat, 02 Apr 2022 17:45:46 adaptivedataloader.py[line:72] DEBUG Epoch: 25, finished reading dataloader. 
Sat, 02 Apr 2022 17:45:47 adaptivedataloader.py[line:68] DEBUG Epoch: 26, reading dataloader... 
Sat, 02 Apr 2022 17:45:47 adaptivedataloader.py[line:72] DEBUG Epoch: 26, finished reading dataloader. 
Sat, 02 Apr 2022 17:45:47 adaptivedataloader.py[line:68] DEBUG Epoch: 27, reading dataloader... 
Sat, 02 Apr 2022 17:45:47 adaptivedataloader.py[line:72] DEBUG Epoch: 27, finished reading dataloader. 
Sat, 02 Apr 2022 17:45:47 adaptivedataloader.py[line:68] DEBUG Epoch: 28, reading dataloader... 
Sat, 02 Apr 2022 17:45:47 randomdataloader.py[line:33] DEBUG Epoch: 28, requires subset selection. 
Sat, 02 Apr 2022 17:45:47 randomdataloader.py[line:34] DEBUG Random budget: 50
Sat, 02 Apr 2022 17:45:47 randomdataloader.py[line:37] INFO Epoch: 28, Random subset selection finished, takes 0.0007. 
Sat, 02 Apr 2022 17:45:47 adaptivedataloader.py[line:102] DEBUG Subset indices length: 50
Sat, 02 Apr 2022 17:45:47 adaptivedataloader.py[line:104] DEBUG Subset loader initiated, args: (), kwargs: {'batch_size': 16, 'shuffle': True, 'pin_memory': False, 'collate_fn': <function collate_fn_weighted at 0x7f276bd05280>}
Sat, 02 Apr 2022 17:45:47 adaptivedataloader.py[line:105] DEBUG Subset selection finished, Training data size: 508, Subset size: 50
Sat, 02 Apr 2022 17:45:47 adaptivedataloader.py[line:72] DEBUG Epoch: 28, finished reading dataloader. 
Sat, 02 Apr 2022 17:45:48 adaptivedataloader.py[line:68] DEBUG Epoch: 29, reading dataloader... 
Sat, 02 Apr 2022 17:45:48 adaptivedataloader.py[line:72] DEBUG Epoch: 29, finished reading dataloader. 
Sat, 02 Apr 2022 17:45:48 adaptivedataloader.py[line:68] DEBUG Epoch: 30, reading dataloader... 
Sat, 02 Apr 2022 17:45:48 adaptivedataloader.py[line:72] DEBUG Epoch: 30, finished reading dataloader. 
